<?xml version="1.0" encoding="UTF-8"?>
<testsuites name="FS User" time="47" tests="1" failures="1" errors="0">
   <testsuite name="FS User" tests="1" failures="1" errors="0" time="47" timestamp="2019-09-24 16:06:58" hostname="irayuni.napitupulu - DIVINE.moonlay.jakarta" id="Test Suites/FS User">
      <properties>
         <property name="deviceName" value=""/>
         <property name="devicePlatform" value=""/>
         <property name="logFolder" value="C:\\Users\\irayuni.napitululu\\Katalon Studio\\Mission Astra\\Reports\\FS User\\20190924_160655"/>
         <property name="logFiles" value="C:\\Users\\irayuni.napitululu\\Katalon Studio\\Mission Astra\\Reports\\FS User\\20190924_160655\\execution0.log"/>
         <property name="attachments" value="C:\\Users\\irayuni.napitululu\\Katalon Studio\\Mission Astra\\Reports\\FS User\\20190924_160655\\1569316064456.png"/>
         <property name="hostName" value="irayuni.napitupulu - DIVINE.moonlay.jakarta"/>
         <property name="os" value="Windows 10 64bit"/>
         <property name="katalonVersion" value="5.10.1.1"/>
         <property name="browser" value="Chrome 76.0.3809.132"/>
         <property name="hostAddress" value="11.11.3.11"/>
         <property name="sessionId" value="8e8663b25a97b6175d93018b4fd7d07f"/>
         <property name="seleniumVersion" value="3.7.1"/>
         <property name="proxyInformation" value="ProxyInformation{proxyOption=NO_PROXY, proxyServerType=HTTP, password=, proxyServerAddress=, proxyServerPort=0}"/>
         <property name="platform" value="Windows 10"/>
      </properties>
      <testcase name="Test Cases/FS/Search User" classname="Test Cases/FS/Search User" status="PASSED">
         <system-out><![CDATA[2019-09-24 16:06:58 - [TEST_CASE][PASSED] - Test Cases/FS/Search User: Test Cases/FS/Search User

2019-09-24 16:06:59 - [TEST_STEP][PASSED] - openBrowser(""): Browser is opened with url: ''

2019-09-24 16:06:59 - [MESSAGE][INFO] - Starting 'Chrome' driver

2019-09-24 16:07:00 - [MESSAGE][INFO] - Action delay is set to 0 seconds

2019-09-24 16:07:04 - [MESSAGE][PASSED] - Browser is opened with url: ''

2019-09-24 16:07:04 - [TEST_STEP][PASSED] - navigateToUrl("https://astra-ai-fs-admin.azurewebsites.net/#/track-fs-position"): Navigate to 'https://astra-ai-fs-admin.azurewebsites.net/#/track-fs-position' successfully

2019-09-24 16:07:17 - [MESSAGE][PASSED] - Navigate to 'https://astra-ai-fs-admin.azurewebsites.net/#/track-fs-position' successfully

2019-09-24 16:07:17 - [TEST_STEP][PASSED] - click(findTestObject("Page_User FS/a_User Management")): Object: 'Object Repository/Page_User FS/a_User Management' is clicked on

2019-09-24 16:07:17 - [MESSAGE][PASSED] - Object: 'Object Repository/Page_User FS/a_User Management' is clicked on

2019-09-24 16:07:17 - [TEST_STEP][PASSED] - click(findTestObject("Page_User FS/a_User")): Object: 'Object Repository/Page_User FS/a_User' is clicked on

2019-09-24 16:07:18 - [MESSAGE][PASSED] - Object: 'Object Repository/Page_User FS/a_User' is clicked on

2019-09-24 16:07:18 - [TEST_STEP][PASSED] - delay(5): Delayed 5 second(s)

2019-09-24 16:07:23 - [MESSAGE][PASSED] - Delayed 5 second(s)

2019-09-24 16:07:23 - [TEST_STEP][PASSED] - setText(findTestObject("Page_User FS/input_Search by Email_col-md-9"), "sbodionl0337@ai.astra.co.id"): Text 'sbodionl0337@ai.astra.co.id' is set on object 'Object Repository/Page_User FS/input_Search by Email_col-md-9'

2019-09-24 16:07:24 - [MESSAGE][PASSED] - Text 'sbodionl0337@ai.astra.co.id' is set on object 'Object Repository/Page_User FS/input_Search by Email_col-md-9'

2019-09-24 16:07:24 - [TEST_STEP][PASSED] - click(findTestObject("Page_User FS/button_Search")): Object: 'Object Repository/Page_User FS/button_Search' is clicked on

2019-09-24 16:07:24 - [MESSAGE][PASSED] - Object: 'Object Repository/Page_User FS/button_Search' is clicked on

2019-09-24 16:07:24 - [TEST_STEP][PASSED] - if (verifyElementPresent(findTestObject("Page_User FS/td_sbodionl0337ai.astra.co.id"), 10)): Success

2019-09-24 16:07:24 - [MESSAGE][PASSED] - Object 'Object Repository/Page_User FS/td_sbodionl0337ai.astra.co.id' is present

2019-09-24 16:07:24 - [TEST_STEP][PASSED] - markPassed("Success"): Success

2019-09-24 16:07:24 - [MESSAGE][PASSED] - Success]]></system-out>
         <system-err><![CDATA[]]></system-err>
      </testcase>
      <testcase name="Test Cases/FS/Clear Search User" classname="Test Cases/FS/Clear Search User" status="FAILED">
         <failure type="FAILED" message="Test Cases/FS/Clear Search User FAILED.
Reason:
com.kms.katalon.core.exception.StepFailedException: Unable to click on object 'Object Repository/Page_Clear Search FS/button_Clear' (Root cause: org.openqa.selenium.WebDriverException: unknown error: Element &lt;button _ngcontent-c3=&quot;&quot; class=&quot;btn btn-danger&quot;>...&lt;/button> is not clickable at point (358, 247). Other element would receive the click: &lt;div _ngcontent-c4=&quot;&quot; class=&quot;black-overlay ng-star-inserted&quot; style=&quot;background-color: rgba(51, 51, 51, 0.8);&quot;>...&lt;/div>
  (Session info: chrome=76.0.3809.132)
  (Driver info: chromedriver=2.43.600210 (68dcf5eebde37173d4027fa8635e332711d2874a),platform=Windows NT 10.0.15063 x86_64) (WARNING: The server did not provide any stacktrace information)
Command duration or timeout: 0 milliseconds
Build info: version: '3.7.1', revision: '8a0099a', time: '2017-11-06T21:07:36.161Z'
System info: host: 'DIVINE', ip: '11.11.3.11', os.name: 'Windows 10', os.arch: 'amd64', os.version: '10.0', java.version: '1.8.0_181'
Driver info: com.kms.katalon.selenium.driver.CChromeDriver
Capabilities {acceptInsecureCerts: false, acceptSslCerts: false, applicationCacheEnabled: false, browserConnectionEnabled: false, browserName: chrome, chrome: {chromedriverVersion: 2.43.600210 (68dcf5eebde371..., userDataDir: C:\Users\IRAYUN~1.NAP\AppDa...}, cssSelectorsEnabled: true, databaseEnabled: false, goog:chromeOptions: {debuggerAddress: localhost:8090}, handlesAlerts: true, hasTouchScreen: false, javascriptEnabled: true, locationContextEnabled: true, mobileEmulationEnabled: false, nativeEvents: true, networkConnectionEnabled: false, pageLoadStrategy: normal, platform: XP, platformName: XP, rotatable: false, setWindowRect: true, takesHeapSnapshot: true, takesScreenshot: true, unexpectedAlertBehaviour: , unhandledPromptBehavior: , version: 76.0.3809.132, webStorageEnabled: true}
Session ID: 8e8663b25a97b6175d93018b4fd7d07f)
	at com.kms.katalon.core.keyword.internal.KeywordMain.stepFailed(KeywordMain.groovy:36)
	at com.kms.katalon.core.webui.keyword.internal.WebUIKeywordMain.stepFailed(WebUIKeywordMain.groovy:65)
	at com.kms.katalon.core.webui.keyword.internal.WebUIKeywordMain.runKeyword(WebUIKeywordMain.groovy:27)
	at com.kms.katalon.core.webui.keyword.builtin.ClickKeyword.click(ClickKeyword.groovy:86)
	at com.kms.katalon.core.webui.keyword.builtin.ClickKeyword.execute(ClickKeyword.groovy:67)
	at com.kms.katalon.core.keyword.internal.KeywordExecutor.executeKeywordForPlatform(KeywordExecutor.groovy:53)
	at com.kms.katalon.core.webui.keyword.WebUiBuiltInKeywords.click(WebUiBuiltInKeywords.groovy:616)
	at com.kms.katalon.core.webui.keyword.WebUiBuiltInKeywords$click$1.call(Unknown Source)
	at Clear Search User.run(Clear Search User:45)
	at com.kms.katalon.core.main.ScriptEngine.run(ScriptEngine.java:194)
	at com.kms.katalon.core.main.ScriptEngine.runScriptAsRawText(ScriptEngine.java:119)
	at com.kms.katalon.core.main.TestCaseExecutor.runScript(TestCaseExecutor.java:328)
	at com.kms.katalon.core.main.TestCaseExecutor.doExecute(TestCaseExecutor.java:319)
	at com.kms.katalon.core.main.TestCaseExecutor.processExecutionPhase(TestCaseExecutor.java:298)
	at com.kms.katalon.core.main.TestCaseExecutor.accessMainPhase(TestCaseExecutor.java:290)
	at com.kms.katalon.core.main.TestCaseExecutor.execute(TestCaseExecutor.java:224)
	at com.kms.katalon.core.main.TestSuiteExecutor.accessTestCaseMainPhase(TestSuiteExecutor.java:129)
	at com.kms.katalon.core.main.TestSuiteExecutor.accessTestSuiteMainPhase(TestSuiteExecutor.java:112)
	at com.kms.katalon.core.main.TestSuiteExecutor.execute(TestSuiteExecutor.java:81)
	at com.kms.katalon.core.main.TestCaseMain.startTestSuite(TestCaseMain.java:149)
	at com.kms.katalon.core.main.TestCaseMain$startTestSuite$0.call(Unknown Source)
	at TempTestSuite1569316016010.run(TempTestSuite1569316016010.groovy:36)
"/>
         <system-out><![CDATA[2019-09-24 16:07:24 - [TEST_CASE][FAILED] - Test Cases/FS/Clear Search User: Test Cases/FS/Clear Search User FAILED.
Reason:
com.kms.katalon.core.exception.StepFailedException: Unable to click on object 'Object Repository/Page_Clear Search FS/button_Clear' (Root cause: org.openqa.selenium.WebDriverException: unknown error: Element <button _ngcontent-c3="" class="btn btn-danger">...</button> is not clickable at point (358, 247). Other element would receive the click: <div _ngcontent-c4="" class="black-overlay ng-star-inserted" style="background-color: rgba(51, 51, 51, 0.8);">...</div>
  (Session info: chrome=76.0.3809.132)
  (Driver info: chromedriver=2.43.600210 (68dcf5eebde37173d4027fa8635e332711d2874a),platform=Windows NT 10.0.15063 x86_64) (WARNING: The server did not provide any stacktrace information)
Command duration or timeout: 0 milliseconds
Build info: version: '3.7.1', revision: '8a0099a', time: '2017-11-06T21:07:36.161Z'
System info: host: 'DIVINE', ip: '11.11.3.11', os.name: 'Windows 10', os.arch: 'amd64', os.version: '10.0', java.version: '1.8.0_181'
Driver info: com.kms.katalon.selenium.driver.CChromeDriver
Capabilities {acceptInsecureCerts: false, acceptSslCerts: false, applicationCacheEnabled: false, browserConnectionEnabled: false, browserName: chrome, chrome: {chromedriverVersion: 2.43.600210 (68dcf5eebde371..., userDataDir: C:\Users\IRAYUN~1.NAP\AppDa...}, cssSelectorsEnabled: true, databaseEnabled: false, goog:chromeOptions: {debuggerAddress: localhost:8090}, handlesAlerts: true, hasTouchScreen: false, javascriptEnabled: true, locationContextEnabled: true, mobileEmulationEnabled: false, nativeEvents: true, networkConnectionEnabled: false, pageLoadStrategy: normal, platform: XP, platformName: XP, rotatable: false, setWindowRect: true, takesHeapSnapshot: true, takesScreenshot: true, unexpectedAlertBehaviour: , unhandledPromptBehavior: , version: 76.0.3809.132, webStorageEnabled: true}
Session ID: 8e8663b25a97b6175d93018b4fd7d07f)
	at com.kms.katalon.core.keyword.internal.KeywordMain.stepFailed(KeywordMain.groovy:36)
	at com.kms.katalon.core.webui.keyword.internal.WebUIKeywordMain.stepFailed(WebUIKeywordMain.groovy:65)
	at com.kms.katalon.core.webui.keyword.internal.WebUIKeywordMain.runKeyword(WebUIKeywordMain.groovy:27)
	at com.kms.katalon.core.webui.keyword.builtin.ClickKeyword.click(ClickKeyword.groovy:86)
	at com.kms.katalon.core.webui.keyword.builtin.ClickKeyword.execute(ClickKeyword.groovy:67)
	at com.kms.katalon.core.keyword.internal.KeywordExecutor.executeKeywordForPlatform(KeywordExecutor.groovy:53)
	at com.kms.katalon.core.webui.keyword.WebUiBuiltInKeywords.click(WebUiBuiltInKeywords.groovy:616)
	at com.kms.katalon.core.webui.keyword.WebUiBuiltInKeywords$click$1.call(Unknown Source)
	at Clear Search User.run(Clear Search User:45)
	at com.kms.katalon.core.main.ScriptEngine.run(ScriptEngine.java:194)
	at com.kms.katalon.core.main.ScriptEngine.runScriptAsRawText(ScriptEngine.java:119)
	at com.kms.katalon.core.main.TestCaseExecutor.runScript(TestCaseExecutor.java:328)
	at com.kms.katalon.core.main.TestCaseExecutor.doExecute(TestCaseExecutor.java:319)
	at com.kms.katalon.core.main.TestCaseExecutor.processExecutionPhase(TestCaseExecutor.java:298)
	at com.kms.katalon.core.main.TestCaseExecutor.accessMainPhase(TestCaseExecutor.java:290)
	at com.kms.katalon.core.main.TestCaseExecutor.execute(TestCaseExecutor.java:224)
	at com.kms.katalon.core.main.TestSuiteExecutor.accessTestCaseMainPhase(TestSuiteExecutor.java:129)
	at com.kms.katalon.core.main.TestSuiteExecutor.accessTestSuiteMainPhase(TestSuiteExecutor.java:112)
	at com.kms.katalon.core.main.TestSuiteExecutor.execute(TestSuiteExecutor.java:81)
	at com.kms.katalon.core.main.TestCaseMain.startTestSuite(TestCaseMain.java:149)
	at com.kms.katalon.core.main.TestCaseMain$startTestSuite$0.call(Unknown Source)
	at TempTestSuite1569316016010.run(TempTestSuite1569316016010.groovy:36)


2019-09-24 16:07:24 - [TEST_STEP][PASSED] - openBrowser(""): Browser is opened with url: ''

2019-09-24 16:07:24 - [MESSAGE][WARNING] - A browser is already opened. Closing browser and opening a new one

2019-09-24 16:07:25 - [MESSAGE][INFO] - Starting 'Chrome' driver

2019-09-24 16:07:28 - [MESSAGE][PASSED] - Browser is opened with url: ''

2019-09-24 16:07:28 - [TEST_STEP][PASSED] - navigateToUrl("https://astra-ai-fs-admin.azurewebsites.net/"): Navigate to 'https://astra-ai-fs-admin.azurewebsites.net/' successfully

2019-09-24 16:07:37 - [MESSAGE][PASSED] - Navigate to 'https://astra-ai-fs-admin.azurewebsites.net/' successfully

2019-09-24 16:07:37 - [TEST_STEP][PASSED] - click(findTestObject("Page_Clear Search FS/a_User Management")): Object: 'Object Repository/Page_Clear Search FS/a_User Management' is clicked on

2019-09-24 16:07:37 - [MESSAGE][PASSED] - Object: 'Object Repository/Page_Clear Search FS/a_User Management' is clicked on

2019-09-24 16:07:37 - [TEST_STEP][PASSED] - click(findTestObject("Page_Clear Search FS/a_User")): Object: 'Object Repository/Page_Clear Search FS/a_User' is clicked on

2019-09-24 16:07:37 - [MESSAGE][PASSED] - Object: 'Object Repository/Page_Clear Search FS/a_User' is clicked on

2019-09-24 16:07:37 - [TEST_STEP][PASSED] - waitForElementNotVisible(findTestObject("Page_Clear Search FS/td_sbobesti0328ai.astra.co.id"), 5, STOP_ON_FAILURE): Object 'Object Repository/Page_Clear Search FS/td_sbobesti0328ai.astra.co.id' is visible after 5 second(s)

2019-09-24 16:07:43 - [MESSAGE][WARNING] - Object 'Object Repository/Page_Clear Search FS/td_sbobesti0328ai.astra.co.id' is visible after 5 second(s)

2019-09-24 16:07:43 - [TEST_STEP][PASSED] - click(findTestObject("Page_Clear Search FS/td_sbobesti0328ai.astra.co.id")): Object: 'Object Repository/Page_Clear Search FS/td_sbobesti0328ai.astra.co.id' is clicked on

2019-09-24 16:07:43 - [MESSAGE][PASSED] - Object: 'Object Repository/Page_Clear Search FS/td_sbobesti0328ai.astra.co.id' is clicked on

2019-09-24 16:07:43 - [TEST_STEP][PASSED] - setText(findTestObject("Page_Clear Search FS/input_Search by Email_col-md-9"), "sbobesti0328@ai.astra.co.id"): Text 'sbobesti0328@ai.astra.co.id' is set on object 'Object Repository/Page_Clear Search FS/input_Search by Email_col-md-9'

2019-09-24 16:07:44 - [MESSAGE][PASSED] - Text 'sbobesti0328@ai.astra.co.id' is set on object 'Object Repository/Page_Clear Search FS/input_Search by Email_col-md-9'

2019-09-24 16:07:44 - [TEST_STEP][PASSED] - click(findTestObject("Page_Clear Search FS/button_Search")): Object: 'Object Repository/Page_Clear Search FS/button_Search' is clicked on

2019-09-24 16:07:44 - [MESSAGE][PASSED] - Object: 'Object Repository/Page_Clear Search FS/button_Search' is clicked on

2019-09-24 16:07:44 - [TEST_STEP][PASSED] - if (verifyElementPresent(findTestObject("Page_Clear Search FS/td_sbobesti0328ai.astra.co.id"), 5)): Clear User Succsess

2019-09-24 16:07:44 - [MESSAGE][PASSED] - Object 'Object Repository/Page_Clear Search FS/td_sbobesti0328ai.astra.co.id' is present

2019-09-24 16:07:44 - [TEST_STEP][PASSED] - markPassed("Clear User Succsess"): Clear User Succsess

2019-09-24 16:07:44 - [MESSAGE][PASSED] - Clear User Succsess

2019-09-24 16:07:44 - [TEST_STEP][PASSED] - if (verifyElementPresent(findTestObject("Page_Clear Search FS/button_Clear"), 10)): null

2019-09-24 16:07:44 - [MESSAGE][PASSED] - Object 'Object Repository/Page_Clear Search FS/button_Clear' is present

2019-09-24 16:07:44 - [TEST_STEP][PASSED] - if (verifyElementClickable(findTestObject("Page_Clear Search FS/button_Clear"))): if (verifyElementPresent(findTestObject("Page_Clear Search FS/button_Clear"), 10)) FAILED.
Reason:
com.kms.katalon.core.exception.StepFailedException: Unable to click on object 'Object Repository/Page_Clear Search FS/button_Clear' (Root cause: org.openqa.selenium.WebDriverException: unknown error: Element <button _ngcontent-c3="" class="btn btn-danger">...</button> is not clickable at point (358, 247). Other element would receive the click: <div _ngcontent-c4="" class="black-overlay ng-star-inserted" style="background-color: rgba(51, 51, 51, 0.8);">...</div>
  (Session info: chrome=76.0.3809.132)
  (Driver info: chromedriver=2.43.600210 (68dcf5eebde37173d4027fa8635e332711d2874a),platform=Windows NT 10.0.15063 x86_64) (WARNING: The server did not provide any stacktrace information)
Command duration or timeout: 0 milliseconds
Build info: version: '3.7.1', revision: '8a0099a', time: '2017-11-06T21:07:36.161Z'
System info: host: 'DIVINE', ip: '11.11.3.11', os.name: 'Windows 10', os.arch: 'amd64', os.version: '10.0', java.version: '1.8.0_181'
Driver info: com.kms.katalon.selenium.driver.CChromeDriver
Capabilities {acceptInsecureCerts: false, acceptSslCerts: false, applicationCacheEnabled: false, browserConnectionEnabled: false, browserName: chrome, chrome: {chromedriverVersion: 2.43.600210 (68dcf5eebde371..., userDataDir: C:\Users\IRAYUN~1.NAP\AppDa...}, cssSelectorsEnabled: true, databaseEnabled: false, goog:chromeOptions: {debuggerAddress: localhost:8090}, handlesAlerts: true, hasTouchScreen: false, javascriptEnabled: true, locationContextEnabled: true, mobileEmulationEnabled: false, nativeEvents: true, networkConnectionEnabled: false, pageLoadStrategy: normal, platform: XP, platformName: XP, rotatable: false, setWindowRect: true, takesHeapSnapshot: true, takesScreenshot: true, unexpectedAlertBehaviour: , unhandledPromptBehavior: , version: 76.0.3809.132, webStorageEnabled: true}
Session ID: 8e8663b25a97b6175d93018b4fd7d07f)
	at com.kms.katalon.core.keyword.internal.KeywordMain.stepFailed(KeywordMain.groovy:36)
	at com.kms.katalon.core.webui.keyword.internal.WebUIKeywordMain.stepFailed(WebUIKeywordMain.groovy:65)
	at com.kms.katalon.core.webui.keyword.internal.WebUIKeywordMain.runKeyword(WebUIKeywordMain.groovy:27)
	at com.kms.katalon.core.webui.keyword.builtin.ClickKeyword.click(ClickKeyword.groovy:86)
	at com.kms.katalon.core.webui.keyword.builtin.ClickKeyword.execute(ClickKeyword.groovy:67)
	at com.kms.katalon.core.keyword.internal.KeywordExecutor.executeKeywordForPlatform(KeywordExecutor.groovy:53)
	at com.kms.katalon.core.webui.keyword.WebUiBuiltInKeywords.click(WebUiBuiltInKeywords.groovy:616)
	at com.kms.katalon.core.webui.keyword.WebUiBuiltInKeywords$click$1.call(Unknown Source)
	at Clear Search User.run(Clear Search User:45)
	at com.kms.katalon.core.main.ScriptEngine.run(ScriptEngine.java:194)
	at com.kms.katalon.core.main.ScriptEngine.runScriptAsRawText(ScriptEngine.java:119)
	at com.kms.katalon.core.main.TestCaseExecutor.runScript(TestCaseExecutor.java:328)
	at com.kms.katalon.core.main.TestCaseExecutor.doExecute(TestCaseExecutor.java:319)
	at com.kms.katalon.core.main.TestCaseExecutor.processExecutionPhase(TestCaseExecutor.java:298)
	at com.kms.katalon.core.main.TestCaseExecutor.accessMainPhase(TestCaseExecutor.java:290)
	at com.kms.katalon.core.main.TestCaseExecutor.execute(TestCaseExecutor.java:224)
	at com.kms.katalon.core.main.TestSuiteExecutor.accessTestCaseMainPhase(TestSuiteExecutor.java:129)
	at com.kms.katalon.core.main.TestSuiteExecutor.accessTestSuiteMainPhase(TestSuiteExecutor.java:112)
	at com.kms.katalon.core.main.TestSuiteExecutor.execute(TestSuiteExecutor.java:81)
	at com.kms.katalon.core.main.TestCaseMain.startTestSuite(TestCaseMain.java:149)
	at com.kms.katalon.core.main.TestCaseMain$startTestSuite$0.call(Unknown Source)
	at TempTestSuite1569316016010.run(TempTestSuite1569316016010.groovy:36)


2019-09-24 16:07:44 - [MESSAGE][PASSED] - Object 'Object Repository/Page_Clear Search FS/button_Clear' is clickable

2019-09-24 16:07:44 - [TEST_STEP][FAILED] - click(findTestObject("Page_Clear Search FS/button_Clear")): if (verifyElementPresent(findTestObject("Page_Clear Search FS/button_Clear"), 10)) FAILED.
Reason:
com.kms.katalon.core.exception.StepFailedException: Unable to click on object 'Object Repository/Page_Clear Search FS/button_Clear' (Root cause: org.openqa.selenium.WebDriverException: unknown error: Element <button _ngcontent-c3="" class="btn btn-danger">...</button> is not clickable at point (358, 247). Other element would receive the click: <div _ngcontent-c4="" class="black-overlay ng-star-inserted" style="background-color: rgba(51, 51, 51, 0.8);">...</div>
  (Session info: chrome=76.0.3809.132)
  (Driver info: chromedriver=2.43.600210 (68dcf5eebde37173d4027fa8635e332711d2874a),platform=Windows NT 10.0.15063 x86_64) (WARNING: The server did not provide any stacktrace information)
Command duration or timeout: 0 milliseconds
Build info: version: '3.7.1', revision: '8a0099a', time: '2017-11-06T21:07:36.161Z'
System info: host: 'DIVINE', ip: '11.11.3.11', os.name: 'Windows 10', os.arch: 'amd64', os.version: '10.0', java.version: '1.8.0_181'
Driver info: com.kms.katalon.selenium.driver.CChromeDriver
Capabilities {acceptInsecureCerts: false, acceptSslCerts: false, applicationCacheEnabled: false, browserConnectionEnabled: false, browserName: chrome, chrome: {chromedriverVersion: 2.43.600210 (68dcf5eebde371..., userDataDir: C:\Users\IRAYUN~1.NAP\AppDa...}, cssSelectorsEnabled: true, databaseEnabled: false, goog:chromeOptions: {debuggerAddress: localhost:8090}, handlesAlerts: true, hasTouchScreen: false, javascriptEnabled: true, locationContextEnabled: true, mobileEmulationEnabled: false, nativeEvents: true, networkConnectionEnabled: false, pageLoadStrategy: normal, platform: XP, platformName: XP, rotatable: false, setWindowRect: true, takesHeapSnapshot: true, takesScreenshot: true, unexpectedAlertBehaviour: , unhandledPromptBehavior: , version: 76.0.3809.132, webStorageEnabled: true}
Session ID: 8e8663b25a97b6175d93018b4fd7d07f)
	at com.kms.katalon.core.keyword.internal.KeywordMain.stepFailed(KeywordMain.groovy:36)
	at com.kms.katalon.core.webui.keyword.internal.WebUIKeywordMain.stepFailed(WebUIKeywordMain.groovy:65)
	at com.kms.katalon.core.webui.keyword.internal.WebUIKeywordMain.runKeyword(WebUIKeywordMain.groovy:27)
	at com.kms.katalon.core.webui.keyword.builtin.ClickKeyword.click(ClickKeyword.groovy:86)
	at com.kms.katalon.core.webui.keyword.builtin.ClickKeyword.execute(ClickKeyword.groovy:67)
	at com.kms.katalon.core.keyword.internal.KeywordExecutor.executeKeywordForPlatform(KeywordExecutor.groovy:53)
	at com.kms.katalon.core.webui.keyword.WebUiBuiltInKeywords.click(WebUiBuiltInKeywords.groovy:616)
	at com.kms.katalon.core.webui.keyword.WebUiBuiltInKeywords$click$1.call(Unknown Source)
	at Clear Search User.run(Clear Search User:45)
	at com.kms.katalon.core.main.ScriptEngine.run(ScriptEngine.java:194)
	at com.kms.katalon.core.main.ScriptEngine.runScriptAsRawText(ScriptEngine.java:119)
	at com.kms.katalon.core.main.TestCaseExecutor.runScript(TestCaseExecutor.java:328)
	at com.kms.katalon.core.main.TestCaseExecutor.doExecute(TestCaseExecutor.java:319)
	at com.kms.katalon.core.main.TestCaseExecutor.processExecutionPhase(TestCaseExecutor.java:298)
	at com.kms.katalon.core.main.TestCaseExecutor.accessMainPhase(TestCaseExecutor.java:290)
	at com.kms.katalon.core.main.TestCaseExecutor.execute(TestCaseExecutor.java:224)
	at com.kms.katalon.core.main.TestSuiteExecutor.accessTestCaseMainPhase(TestSuiteExecutor.java:129)
	at com.kms.katalon.core.main.TestSuiteExecutor.accessTestSuiteMainPhase(TestSuiteExecutor.java:112)
	at com.kms.katalon.core.main.TestSuiteExecutor.execute(TestSuiteExecutor.java:81)
	at com.kms.katalon.core.main.TestCaseMain.startTestSuite(TestCaseMain.java:149)
	at com.kms.katalon.core.main.TestCaseMain$startTestSuite$0.call(Unknown Source)
	at TempTestSuite1569316016010.run(TempTestSuite1569316016010.groovy:36)


2019-09-24 16:07:44 - [MESSAGE][FAILED] - Unable to click on object 'Object Repository/Page_Clear Search FS/button_Clear' (Root cause: org.openqa.selenium.WebDriverException: unknown error: Element <button _ngcontent-c3="" class="btn btn-danger">...</button> is not clickable at point (358, 247). Other element would receive the click: <div _ngcontent-c4="" class="black-overlay ng-star-inserted" style="background-color: rgba(51, 51, 51, 0.8);">...</div>
  (Session info: chrome=76.0.3809.132)
  (Driver info: chromedriver=2.43.600210 (68dcf5eebde37173d4027fa8635e332711d2874a),platform=Windows NT 10.0.15063 x86_64) (WARNING: The server did not provide any stacktrace information)
Command duration or timeout: 0 milliseconds
Build info: version: '3.7.1', revision: '8a0099a', time: '2017-11-06T21:07:36.161Z'
System info: host: 'DIVINE', ip: '11.11.3.11', os.name: 'Windows 10', os.arch: 'amd64', os.version: '10.0', java.version: '1.8.0_181'
Driver info: com.kms.katalon.selenium.driver.CChromeDriver
Capabilities {acceptInsecureCerts: false, acceptSslCerts: false, applicationCacheEnabled: false, browserConnectionEnabled: false, browserName: chrome, chrome: {chromedriverVersion: 2.43.600210 (68dcf5eebde371..., userDataDir: C:\Users\IRAYUN~1.NAP\AppDa...}, cssSelectorsEnabled: true, databaseEnabled: false, goog:chromeOptions: {debuggerAddress: localhost:8090}, handlesAlerts: true, hasTouchScreen: false, javascriptEnabled: true, locationContextEnabled: true, mobileEmulationEnabled: false, nativeEvents: true, networkConnectionEnabled: false, pageLoadStrategy: normal, platform: XP, platformName: XP, rotatable: false, setWindowRect: true, takesHeapSnapshot: true, takesScreenshot: true, unexpectedAlertBehaviour: , unhandledPromptBehavior: , version: 76.0.3809.132, webStorageEnabled: true}
Session ID: 8e8663b25a97b6175d93018b4fd7d07f)
[[ATTACHMENT|C:\\Users\\irayuni.napitululu\\Katalon Studio\\Mission Astra\\Reports\\FS User\\20190924_160655\\1569316064456.png]]

2019-09-24 16:07:45 - [MESSAGE][FAILED] - if (verifyElementPresent(findTestObject("Page_Clear Search FS/button_Clear"), 10)) FAILED.
Reason:
com.kms.katalon.core.exception.StepFailedException: Unable to click on object 'Object Repository/Page_Clear Search FS/button_Clear' (Root cause: org.openqa.selenium.WebDriverException: unknown error: Element <button _ngcontent-c3="" class="btn btn-danger">...</button> is not clickable at point (358, 247). Other element would receive the click: <div _ngcontent-c4="" class="black-overlay ng-star-inserted" style="background-color: rgba(51, 51, 51, 0.8);">...</div>
  (Session info: chrome=76.0.3809.132)
  (Driver info: chromedriver=2.43.600210 (68dcf5eebde37173d4027fa8635e332711d2874a),platform=Windows NT 10.0.15063 x86_64) (WARNING: The server did not provide any stacktrace information)
Command duration or timeout: 0 milliseconds
Build info: version: '3.7.1', revision: '8a0099a', time: '2017-11-06T21:07:36.161Z'
System info: host: 'DIVINE', ip: '11.11.3.11', os.name: 'Windows 10', os.arch: 'amd64', os.version: '10.0', java.version: '1.8.0_181'
Driver info: com.kms.katalon.selenium.driver.CChromeDriver
Capabilities {acceptInsecureCerts: false, acceptSslCerts: false, applicationCacheEnabled: false, browserConnectionEnabled: false, browserName: chrome, chrome: {chromedriverVersion: 2.43.600210 (68dcf5eebde371..., userDataDir: C:\Users\IRAYUN~1.NAP\AppDa...}, cssSelectorsEnabled: true, databaseEnabled: false, goog:chromeOptions: {debuggerAddress: localhost:8090}, handlesAlerts: true, hasTouchScreen: false, javascriptEnabled: true, locationContextEnabled: true, mobileEmulationEnabled: false, nativeEvents: true, networkConnectionEnabled: false, pageLoadStrategy: normal, platform: XP, platformName: XP, rotatable: false, setWindowRect: true, takesHeapSnapshot: true, takesScreenshot: true, unexpectedAlertBehaviour: , unhandledPromptBehavior: , version: 76.0.3809.132, webStorageEnabled: true}
Session ID: 8e8663b25a97b6175d93018b4fd7d07f)
	at com.kms.katalon.core.keyword.internal.KeywordMain.stepFailed(KeywordMain.groovy:36)
	at com.kms.katalon.core.webui.keyword.internal.WebUIKeywordMain.stepFailed(WebUIKeywordMain.groovy:65)
	at com.kms.katalon.core.webui.keyword.internal.WebUIKeywordMain.runKeyword(WebUIKeywordMain.groovy:27)
	at com.kms.katalon.core.webui.keyword.builtin.ClickKeyword.click(ClickKeyword.groovy:86)
	at com.kms.katalon.core.webui.keyword.builtin.ClickKeyword.execute(ClickKeyword.groovy:67)
	at com.kms.katalon.core.keyword.internal.KeywordExecutor.executeKeywordForPlatform(KeywordExecutor.groovy:53)
	at com.kms.katalon.core.webui.keyword.WebUiBuiltInKeywords.click(WebUiBuiltInKeywords.groovy:616)
	at com.kms.katalon.core.webui.keyword.WebUiBuiltInKeywords$click$1.call(Unknown Source)
	at Clear Search User.run(Clear Search User:45)
	at com.kms.katalon.core.main.ScriptEngine.run(ScriptEngine.java:194)
	at com.kms.katalon.core.main.ScriptEngine.runScriptAsRawText(ScriptEngine.java:119)
	at com.kms.katalon.core.main.TestCaseExecutor.runScript(TestCaseExecutor.java:328)
	at com.kms.katalon.core.main.TestCaseExecutor.doExecute(TestCaseExecutor.java:319)
	at com.kms.katalon.core.main.TestCaseExecutor.processExecutionPhase(TestCaseExecutor.java:298)
	at com.kms.katalon.core.main.TestCaseExecutor.accessMainPhase(TestCaseExecutor.java:290)
	at com.kms.katalon.core.main.TestCaseExecutor.execute(TestCaseExecutor.java:224)
	at com.kms.katalon.core.main.TestSuiteExecutor.accessTestCaseMainPhase(TestSuiteExecutor.java:129)
	at com.kms.katalon.core.main.TestSuiteExecutor.accessTestSuiteMainPhase(TestSuiteExecutor.java:112)
	at com.kms.katalon.core.main.TestSuiteExecutor.execute(TestSuiteExecutor.java:81)
	at com.kms.katalon.core.main.TestCaseMain.startTestSuite(TestCaseMain.java:149)
	at com.kms.katalon.core.main.TestCaseMain$startTestSuite$0.call(Unknown Source)
	at TempTestSuite1569316016010.run(TempTestSuite1569316016010.groovy:36)]]></system-out>
         <system-err><![CDATA[2019-09-24 16:07:24 - [TEST_CASE][FAILED] - Test Cases/FS/Clear Search User: Test Cases/FS/Clear Search User FAILED.
Reason:
com.kms.katalon.core.exception.StepFailedException: Unable to click on object 'Object Repository/Page_Clear Search FS/button_Clear' (Root cause: org.openqa.selenium.WebDriverException: unknown error: Element <button _ngcontent-c3="" class="btn btn-danger">...</button> is not clickable at point (358, 247). Other element would receive the click: <div _ngcontent-c4="" class="black-overlay ng-star-inserted" style="background-color: rgba(51, 51, 51, 0.8);">...</div>
  (Session info: chrome=76.0.3809.132)
  (Driver info: chromedriver=2.43.600210 (68dcf5eebde37173d4027fa8635e332711d2874a),platform=Windows NT 10.0.15063 x86_64) (WARNING: The server did not provide any stacktrace information)
Command duration or timeout: 0 milliseconds
Build info: version: '3.7.1', revision: '8a0099a', time: '2017-11-06T21:07:36.161Z'
System info: host: 'DIVINE', ip: '11.11.3.11', os.name: 'Windows 10', os.arch: 'amd64', os.version: '10.0', java.version: '1.8.0_181'
Driver info: com.kms.katalon.selenium.driver.CChromeDriver
Capabilities {acceptInsecureCerts: false, acceptSslCerts: false, applicationCacheEnabled: false, browserConnectionEnabled: false, browserName: chrome, chrome: {chromedriverVersion: 2.43.600210 (68dcf5eebde371..., userDataDir: C:\Users\IRAYUN~1.NAP\AppDa...}, cssSelectorsEnabled: true, databaseEnabled: false, goog:chromeOptions: {debuggerAddress: localhost:8090}, handlesAlerts: true, hasTouchScreen: false, javascriptEnabled: true, locationContextEnabled: true, mobileEmulationEnabled: false, nativeEvents: true, networkConnectionEnabled: false, pageLoadStrategy: normal, platform: XP, platformName: XP, rotatable: false, setWindowRect: true, takesHeapSnapshot: true, takesScreenshot: true, unexpectedAlertBehaviour: , unhandledPromptBehavior: , version: 76.0.3809.132, webStorageEnabled: true}
Session ID: 8e8663b25a97b6175d93018b4fd7d07f)
	at com.kms.katalon.core.keyword.internal.KeywordMain.stepFailed(KeywordMain.groovy:36)
	at com.kms.katalon.core.webui.keyword.internal.WebUIKeywordMain.stepFailed(WebUIKeywordMain.groovy:65)
	at com.kms.katalon.core.webui.keyword.internal.WebUIKeywordMain.runKeyword(WebUIKeywordMain.groovy:27)
	at com.kms.katalon.core.webui.keyword.builtin.ClickKeyword.click(ClickKeyword.groovy:86)
	at com.kms.katalon.core.webui.keyword.builtin.ClickKeyword.execute(ClickKeyword.groovy:67)
	at com.kms.katalon.core.keyword.internal.KeywordExecutor.executeKeywordForPlatform(KeywordExecutor.groovy:53)
	at com.kms.katalon.core.webui.keyword.WebUiBuiltInKeywords.click(WebUiBuiltInKeywords.groovy:616)
	at com.kms.katalon.core.webui.keyword.WebUiBuiltInKeywords$click$1.call(Unknown Source)
	at Clear Search User.run(Clear Search User:45)
	at com.kms.katalon.core.main.ScriptEngine.run(ScriptEngine.java:194)
	at com.kms.katalon.core.main.ScriptEngine.runScriptAsRawText(ScriptEngine.java:119)
	at com.kms.katalon.core.main.TestCaseExecutor.runScript(TestCaseExecutor.java:328)
	at com.kms.katalon.core.main.TestCaseExecutor.doExecute(TestCaseExecutor.java:319)
	at com.kms.katalon.core.main.TestCaseExecutor.processExecutionPhase(TestCaseExecutor.java:298)
	at com.kms.katalon.core.main.TestCaseExecutor.accessMainPhase(TestCaseExecutor.java:290)
	at com.kms.katalon.core.main.TestCaseExecutor.execute(TestCaseExecutor.java:224)
	at com.kms.katalon.core.main.TestSuiteExecutor.accessTestCaseMainPhase(TestSuiteExecutor.java:129)
	at com.kms.katalon.core.main.TestSuiteExecutor.accessTestSuiteMainPhase(TestSuiteExecutor.java:112)
	at com.kms.katalon.core.main.TestSuiteExecutor.execute(TestSuiteExecutor.java:81)
	at com.kms.katalon.core.main.TestCaseMain.startTestSuite(TestCaseMain.java:149)
	at com.kms.katalon.core.main.TestCaseMain$startTestSuite$0.call(Unknown Source)
	at TempTestSuite1569316016010.run(TempTestSuite1569316016010.groovy:36)]]></system-err>
      </testcase>
      <system-out><![CDATA[2019-09-24 16:06:58 - [TEST_SUITE][FAILED] - FS User: Test Cases/FS/Clear Search User FAILED.
Reason:
com.kms.katalon.core.exception.StepFailedException: Unable to click on object 'Object Repository/Page_Clear Search FS/button_Clear' (Root cause: org.openqa.selenium.WebDriverException: unknown error: Element <button _ngcontent-c3="" class="btn btn-danger">...</button> is not clickable at point (358, 247). Other element would receive the click: <div _ngcontent-c4="" class="black-overlay ng-star-inserted" style="background-color: rgba(51, 51, 51, 0.8);">...</div>
  (Session info: chrome=76.0.3809.132)
  (Driver info: chromedriver=2.43.600210 (68dcf5eebde37173d4027fa8635e332711d2874a),platform=Windows NT 10.0.15063 x86_64) (WARNING: The server did not provide any stacktrace information)
Command duration or timeout: 0 milliseconds
Build info: version: '3.7.1', revision: '8a0099a', time: '2017-11-06T21:07:36.161Z'
System info: host: 'DIVINE', ip: '11.11.3.11', os.name: 'Windows 10', os.arch: 'amd64', os.version: '10.0', java.version: '1.8.0_181'
Driver info: com.kms.katalon.selenium.driver.CChromeDriver
Capabilities {acceptInsecureCerts: false, acceptSslCerts: false, applicationCacheEnabled: false, browserConnectionEnabled: false, browserName: chrome, chrome: {chromedriverVersion: 2.43.600210 (68dcf5eebde371..., userDataDir: C:\Users\IRAYUN~1.NAP\AppDa...}, cssSelectorsEnabled: true, databaseEnabled: false, goog:chromeOptions: {debuggerAddress: localhost:8090}, handlesAlerts: true, hasTouchScreen: false, javascriptEnabled: true, locationContextEnabled: true, mobileEmulationEnabled: false, nativeEvents: true, networkConnectionEnabled: false, pageLoadStrategy: normal, platform: XP, platformName: XP, rotatable: false, setWindowRect: true, takesHeapSnapshot: true, takesScreenshot: true, unexpectedAlertBehaviour: , unhandledPromptBehavior: , version: 76.0.3809.132, webStorageEnabled: true}
Session ID: 8e8663b25a97b6175d93018b4fd7d07f)
	at com.kms.katalon.core.keyword.internal.KeywordMain.stepFailed(KeywordMain.groovy:36)
	at com.kms.katalon.core.webui.keyword.internal.WebUIKeywordMain.stepFailed(WebUIKeywordMain.groovy:65)
	at com.kms.katalon.core.webui.keyword.internal.WebUIKeywordMain.runKeyword(WebUIKeywordMain.groovy:27)
	at com.kms.katalon.core.webui.keyword.builtin.ClickKeyword.click(ClickKeyword.groovy:86)
	at com.kms.katalon.core.webui.keyword.builtin.ClickKeyword.execute(ClickKeyword.groovy:67)
	at com.kms.katalon.core.keyword.internal.KeywordExecutor.executeKeywordForPlatform(KeywordExecutor.groovy:53)
	at com.kms.katalon.core.webui.keyword.WebUiBuiltInKeywords.click(WebUiBuiltInKeywords.groovy:616)
	at com.kms.katalon.core.webui.keyword.WebUiBuiltInKeywords$click$1.call(Unknown Source)
	at Clear Search User.run(Clear Search User:45)
	at com.kms.katalon.core.main.ScriptEngine.run(ScriptEngine.java:194)
	at com.kms.katalon.core.main.ScriptEngine.runScriptAsRawText(ScriptEngine.java:119)
	at com.kms.katalon.core.main.TestCaseExecutor.runScript(TestCaseExecutor.java:328)
	at com.kms.katalon.core.main.TestCaseExecutor.doExecute(TestCaseExecutor.java:319)
	at com.kms.katalon.core.main.TestCaseExecutor.processExecutionPhase(TestCaseExecutor.java:298)
	at com.kms.katalon.core.main.TestCaseExecutor.accessMainPhase(TestCaseExecutor.java:290)
	at com.kms.katalon.core.main.TestCaseExecutor.execute(TestCaseExecutor.java:224)
	at com.kms.katalon.core.main.TestSuiteExecutor.accessTestCaseMainPhase(TestSuiteExecutor.java:129)
	at com.kms.katalon.core.main.TestSuiteExecutor.accessTestSuiteMainPhase(TestSuiteExecutor.java:112)
	at com.kms.katalon.core.main.TestSuiteExecutor.execute(TestSuiteExecutor.java:81)
	at com.kms.katalon.core.main.TestCaseMain.startTestSuite(TestCaseMain.java:149)
	at com.kms.katalon.core.main.TestCaseMain$startTestSuite$0.call(Unknown Source)
	at TempTestSuite1569316016010.run(TempTestSuite1569316016010.groovy:36)]]></system-out>
      <system-err><![CDATA[2019-09-24 16:06:58 - [TEST_SUITE][FAILED] - FS User: Test Cases/FS/Clear Search User FAILED.
Reason:
com.kms.katalon.core.exception.StepFailedException: Unable to click on object 'Object Repository/Page_Clear Search FS/button_Clear' (Root cause: org.openqa.selenium.WebDriverException: unknown error: Element <button _ngcontent-c3="" class="btn btn-danger">...</button> is not clickable at point (358, 247). Other element would receive the click: <div _ngcontent-c4="" class="black-overlay ng-star-inserted" style="background-color: rgba(51, 51, 51, 0.8);">...</div>
  (Session info: chrome=76.0.3809.132)
  (Driver info: chromedriver=2.43.600210 (68dcf5eebde37173d4027fa8635e332711d2874a),platform=Windows NT 10.0.15063 x86_64) (WARNING: The server did not provide any stacktrace information)
Command duration or timeout: 0 milliseconds
Build info: version: '3.7.1', revision: '8a0099a', time: '2017-11-06T21:07:36.161Z'
System info: host: 'DIVINE', ip: '11.11.3.11', os.name: 'Windows 10', os.arch: 'amd64', os.version: '10.0', java.version: '1.8.0_181'
Driver info: com.kms.katalon.selenium.driver.CChromeDriver
Capabilities {acceptInsecureCerts: false, acceptSslCerts: false, applicationCacheEnabled: false, browserConnectionEnabled: false, browserName: chrome, chrome: {chromedriverVersion: 2.43.600210 (68dcf5eebde371..., userDataDir: C:\Users\IRAYUN~1.NAP\AppDa...}, cssSelectorsEnabled: true, databaseEnabled: false, goog:chromeOptions: {debuggerAddress: localhost:8090}, handlesAlerts: true, hasTouchScreen: false, javascriptEnabled: true, locationContextEnabled: true, mobileEmulationEnabled: false, nativeEvents: true, networkConnectionEnabled: false, pageLoadStrategy: normal, platform: XP, platformName: XP, rotatable: false, setWindowRect: true, takesHeapSnapshot: true, takesScreenshot: true, unexpectedAlertBehaviour: , unhandledPromptBehavior: , version: 76.0.3809.132, webStorageEnabled: true}
Session ID: 8e8663b25a97b6175d93018b4fd7d07f)
	at com.kms.katalon.core.keyword.internal.KeywordMain.stepFailed(KeywordMain.groovy:36)
	at com.kms.katalon.core.webui.keyword.internal.WebUIKeywordMain.stepFailed(WebUIKeywordMain.groovy:65)
	at com.kms.katalon.core.webui.keyword.internal.WebUIKeywordMain.runKeyword(WebUIKeywordMain.groovy:27)
	at com.kms.katalon.core.webui.keyword.builtin.ClickKeyword.click(ClickKeyword.groovy:86)
	at com.kms.katalon.core.webui.keyword.builtin.ClickKeyword.execute(ClickKeyword.groovy:67)
	at com.kms.katalon.core.keyword.internal.KeywordExecutor.executeKeywordForPlatform(KeywordExecutor.groovy:53)
	at com.kms.katalon.core.webui.keyword.WebUiBuiltInKeywords.click(WebUiBuiltInKeywords.groovy:616)
	at com.kms.katalon.core.webui.keyword.WebUiBuiltInKeywords$click$1.call(Unknown Source)
	at Clear Search User.run(Clear Search User:45)
	at com.kms.katalon.core.main.ScriptEngine.run(ScriptEngine.java:194)
	at com.kms.katalon.core.main.ScriptEngine.runScriptAsRawText(ScriptEngine.java:119)
	at com.kms.katalon.core.main.TestCaseExecutor.runScript(TestCaseExecutor.java:328)
	at com.kms.katalon.core.main.TestCaseExecutor.doExecute(TestCaseExecutor.java:319)
	at com.kms.katalon.core.main.TestCaseExecutor.processExecutionPhase(TestCaseExecutor.java:298)
	at com.kms.katalon.core.main.TestCaseExecutor.accessMainPhase(TestCaseExecutor.java:290)
	at com.kms.katalon.core.main.TestCaseExecutor.execute(TestCaseExecutor.java:224)
	at com.kms.katalon.core.main.TestSuiteExecutor.accessTestCaseMainPhase(TestSuiteExecutor.java:129)
	at com.kms.katalon.core.main.TestSuiteExecutor.accessTestSuiteMainPhase(TestSuiteExecutor.java:112)
	at com.kms.katalon.core.main.TestSuiteExecutor.execute(TestSuiteExecutor.java:81)
	at com.kms.katalon.core.main.TestCaseMain.startTestSuite(TestCaseMain.java:149)
	at com.kms.katalon.core.main.TestCaseMain$startTestSuite$0.call(Unknown Source)
	at TempTestSuite1569316016010.run(TempTestSuite1569316016010.groovy:36)]]></system-err>
   </testsuite>
</testsuites>
